Arguments: 
  C:\Program Files\nodejs\node.exe C:\Program Files (x86)\Yarn\bin\yarn.js add @types/ffprobe-installer__ffprobe -D

PATH: 
  C:\Program Files\PowerShell\7;C:\ProgramData\Oracle\Java\javapath;C:\Program Files\Common Files\Oracle\Java\javapath;C:\WINDOWS\system32;C:\WINDOWS;C:\WINDOWS\System32\Wbem;C:\WINDOWS\System32\WindowsPowerShell\v1.0\;C:\WINDOWS\System32\OpenSSH\;C:\ProgramData\chocolatey\bin;C:\ProgramData\nvm;C:\Program Files\nodejs;C:\Program Files (x86)\Yarn\bin\;C:\Program Files\dotnet\;C:\Program Files\Git\cmd;C:\flutter\bin;C:\Program Files\OpenJDK\jdk-13.0.2\bin;C:\Program Files\OpenJDK\openjdk-11.0.13_8\bin;C:\Users\shrey\AppData\Local\Android\Sdk\platform-tools;C:\Users\shrey\AppData\Local\Pub\Cache\bin;C:\Program Files\PuTTY\;C:\Program Files\MongoDB\Tools\100\bin;C:\Program Files\Docker\Docker\resources\bin;C:\ProgramData\DockerDesktop\version-bin;C:\ngrok;C:\bin;C:\Program Files\Google\Chrome\Application\;C:\platform-tools;C:\Program Files\Go\bin;C:\Program Files\Cloudflare\Cloudflare WARP\;C:\Program Files\PowerShell\7\;C:\Program Files\NVIDIA Corporation\NVIDIA NvDLISR;C:\Program Files (x86)\NVIDIA Corporation\PhysX\Common;C:\Users\shrey\.cargo\bin;C:\bin;C:\ProgramData\Oracle\Java\javapath;C:\Program Files\Common Files\Oracle\Java\javapath;C:\WINDOWS\system32;C:\WINDOWS;C:\WINDOWS\System32\Wbem;C:\WINDOWS\System32\WindowsPowerShell\v1.0\;C:\WINDOWS\System32\OpenSSH\;C:\ProgramData\chocolatey\bin;C:\ProgramData\nvm;C:\Program Files\nodejs;C:\Program Files (x86)\Yarn\bin\;C:\Program Files\dotnet\;C:\Program Files (x86)\dotnet\;C:\Program Files\Git\cmd;C:\flutter\bin;C:\Program Files\OpenJDK\jdk-13.0.2\bin;C:\Program Files\OpenJDK\openjdk-11.0.13_8\bin;C:\Users\shrey\AppData\Local\Android\Sdk\platform-tools;C:\Users\shrey\AppData\Local\Pub\Cache\bin;C:\Program Files\PuTTY\;C:\Program Files\MongoDB\Tools\100\bin;C:\Program Files\Docker\Docker\resources\bin;C:\ProgramData\DockerDesktop\version-bin;C:\ngrok;C:\bin;C:\Program Files\Google\Chrome\Application\;C:\Program Files\Cloudflare\Cloudflare WARP\;C:\platform-tools;C:\Users\shrey\.cargo\bin;C:\Users\shrey\AppData\Local\Programs\Microsoft VS Code\bin;C:\Users\shrey\AppData\Local\Programs\Hyper\resources\bin;;C:\Users\shrey\AppData\Local\Programs\Microsoft VS Code\bin;C:\Users\shrey\AppData\Local\Programs\Hyper\resources\bin;C:\Users\shrey\.deno\bin;C:\Users\shrey\go\bin;C:\Program Files\JetBrains\WebStorm 2022.2.1\bin;;C:\Users\shrey\AppData\Local\Programs\Fiddler

Yarn version: 
  1.22.15

Node version: 
  16.13.2

Platform: 
  win32 x64

Trace: 
  Error: https://registry.yarnpkg.com/@types%2fffprobe-installer__ffprobe: Not found
      at Request.params.callback [as _callback] (C:\Program Files (x86)\Yarn\lib\cli.js:66140:18)
      at Request.self.callback (C:\Program Files (x86)\Yarn\lib\cli.js:140885:22)
      at Request.emit (node:events:390:28)
      at Request.<anonymous> (C:\Program Files (x86)\Yarn\lib\cli.js:141857:10)
      at Request.emit (node:events:390:28)
      at IncomingMessage.<anonymous> (C:\Program Files (x86)\Yarn\lib\cli.js:141779:12)
      at Object.onceWrapper (node:events:509:28)
      at IncomingMessage.emit (node:events:402:35)
      at endReadableNT (node:internal/streams/readable:1343:12)
      at processTicksAndRejections (node:internal/process/task_queues:83:21)

npm manifest: 
  {
    "name": "transcoding-video",
    "version": "1.0.0",
    "main": "index.js",
    "license": "MIT",
    "dependencies": {
      "@ffmpeg-installer/ffmpeg": "^1.1.0",
      "@ffprobe-installer/ffprobe": "^1.4.1",
      "@types/fluent-ffmpeg": "^2.1.20",
      "@types/node": "^18.7.18",
      "fluent-ffmpeg": "^2.1.2",
      "typescript": "^4.8.3"
    }
  }

yarn manifest: 
  No manifest

Lockfile: 
  # THIS IS AN AUTOGENERATED FILE. DO NOT EDIT THIS FILE DIRECTLY.
  # yarn lockfile v1
  
  
  "@ffmpeg-installer/darwin-arm64@4.1.5":
    version "4.1.5"
    resolved "https://registry.yarnpkg.com/@ffmpeg-installer/darwin-arm64/-/darwin-arm64-4.1.5.tgz#b7b5c262dd96d1aea4807514e1cdcf6e11f82743"
    integrity sha512-hYqTiP63mXz7wSQfuqfFwfLOfwwFChUedeCVKkBtl/cliaTM7/ePI9bVzfZ2c+dWu3TqCwLDRWNSJ5pqZl8otA==
  
  "@ffmpeg-installer/darwin-x64@4.1.0":
    version "4.1.0"
    resolved "https://registry.yarnpkg.com/@ffmpeg-installer/darwin-x64/-/darwin-x64-4.1.0.tgz#48e1706c690e628148482bfb64acb67472089aaa"
    integrity sha512-Z4EyG3cIFjdhlY8wI9aLUXuH8nVt7E9SlMVZtWvSPnm2sm37/yC2CwjUzyCQbJbySnef1tQwGG2Sx+uWhd9IAw==
  
  "@ffmpeg-installer/ffmpeg@^1.1.0":
    version "1.1.0"
    resolved "https://registry.yarnpkg.com/@ffmpeg-installer/ffmpeg/-/ffmpeg-1.1.0.tgz#87fdb9e7d180e8d78f7903f9441e36f978938a90"
    integrity sha512-Uq4rmwkdGxIa9A6Bd/VqqYbT7zqh1GrT5/rFwCwKM70b42W5gIjWeVETq6SdcL0zXqDtY081Ws/iJWhr1+xvQg==
    optionalDependencies:
      "@ffmpeg-installer/darwin-arm64" "4.1.5"
      "@ffmpeg-installer/darwin-x64" "4.1.0"
      "@ffmpeg-installer/linux-arm" "4.1.3"
      "@ffmpeg-installer/linux-arm64" "4.1.4"
      "@ffmpeg-installer/linux-ia32" "4.1.0"
      "@ffmpeg-installer/linux-x64" "4.1.0"
      "@ffmpeg-installer/win32-ia32" "4.1.0"
      "@ffmpeg-installer/win32-x64" "4.1.0"
  
  "@ffmpeg-installer/linux-arm64@4.1.4":
    version "4.1.4"
    resolved "https://registry.yarnpkg.com/@ffmpeg-installer/linux-arm64/-/linux-arm64-4.1.4.tgz#7219f3f901bb67f7926cb060b56b6974a6cad29f"
    integrity sha512-dljEqAOD0oIM6O6DxBW9US/FkvqvQwgJ2lGHOwHDDwu/pX8+V0YsDL1xqHbj1DMX/+nP9rxw7G7gcUvGspSoKg==
  
  "@ffmpeg-installer/linux-arm@4.1.3":
    version "4.1.3"
    resolved "https://registry.yarnpkg.com/@ffmpeg-installer/linux-arm/-/linux-arm-4.1.3.tgz#c554f105ed5f10475ec25d7bec94926ce18db4c1"
    integrity sha512-NDf5V6l8AfzZ8WzUGZ5mV8O/xMzRag2ETR6+TlGIsMHp81agx51cqpPItXPib/nAZYmo55Bl2L6/WOMI3A5YRg==
  
  "@ffmpeg-installer/linux-ia32@4.1.0":
    version "4.1.0"
    resolved "https://registry.yarnpkg.com/@ffmpeg-installer/linux-ia32/-/linux-ia32-4.1.0.tgz#adad70b0d0d9d8d813983d6e683c5a338a75e442"
    integrity sha512-0LWyFQnPf+Ij9GQGD034hS6A90URNu9HCtQ5cTqo5MxOEc7Rd8gLXrJvn++UmxhU0J5RyRE9KRYstdCVUjkNOQ==
  
  "@ffmpeg-installer/linux-x64@4.1.0":
    version "4.1.0"
    resolved "https://registry.yarnpkg.com/@ffmpeg-installer/linux-x64/-/linux-x64-4.1.0.tgz#b4a5d89c4e12e6d9306dbcdc573df716ec1c4323"
    integrity sha512-Y5BWhGLU/WpQjOArNIgXD3z5mxxdV8c41C+U15nsE5yF8tVcdCGet5zPs5Zy3Ta6bU7haGpIzryutqCGQA/W8A==
  
  "@ffmpeg-installer/win32-ia32@4.1.0":
    version "4.1.0"
    resolved "https://registry.yarnpkg.com/@ffmpeg-installer/win32-ia32/-/win32-ia32-4.1.0.tgz#6eac4fb691b64c02e7a116c1e2d167f3e9b40638"
    integrity sha512-FV2D7RlaZv/lrtdhaQ4oETwoFUsUjlUiasiZLDxhEUPdNDWcH1OU9K1xTvqz+OXLdsmYelUDuBS/zkMOTtlUAw==
  
  "@ffmpeg-installer/win32-x64@4.1.0":
    version "4.1.0"
    resolved "https://registry.yarnpkg.com/@ffmpeg-installer/win32-x64/-/win32-x64-4.1.0.tgz#17e8699b5798d4c60e36e2d6326a8ebe5e95a2c5"
    integrity sha512-Drt5u2vzDnIONf4ZEkKtFlbvwj6rI3kxw1Ck9fpudmtgaZIHD4ucsWB2lCZBXRxJgXR+2IMSti+4rtM4C4rXgg==
  
  "@ffprobe-installer/darwin-arm64@5.0.1":
    version "5.0.1"
    resolved "https://registry.yarnpkg.com/@ffprobe-installer/darwin-arm64/-/darwin-arm64-5.0.1.tgz#a020a623955d55aa8daf45cb668c3044876b553b"
    integrity sha512-vwNCNjokH8hfkbl6m95zICHwkSzhEvDC3GVBcUp5HX8+4wsX10SP3B+bGur7XUzTIZ4cQpgJmEIAx6TUwRepMg==
  
  "@ffprobe-installer/darwin-x64@5.0.0":
    version "5.0.0"
    resolved "https://registry.yarnpkg.com/@ffprobe-installer/darwin-x64/-/darwin-x64-5.0.0.tgz#66116b642cb1759939f4f4b3b18b0aea5d7814b0"
    integrity sha512-Zl0UkZ+wW/eyMKBPLTUCcNQch2VDnZz/cBn1DXv3YtCBVbYd9aYzGj4MImdxgWcoE0+GpbfbO6mKGwMq5HCm6A==
  
  "@ffprobe-installer/ffprobe@^1.4.1":
    version "1.4.1"
    resolved "https://registry.yarnpkg.com/@ffprobe-installer/ffprobe/-/ffprobe-1.4.1.tgz#64e46bb21580e3383b86ec79606222117acfac90"
    integrity sha512-3WJvxU0f4d7IOZdzoVCAj9fYtiQNC6E0521FJFe9iP5Ej8auTXU7TsrUzIAG1CydeQI+BnM3vGog92SCcF9KtA==
    optionalDependencies:
      "@ffprobe-installer/darwin-arm64" "5.0.1"
      "@ffprobe-installer/darwin-x64" "5.0.0"
      "@ffprobe-installer/linux-arm" "5.0.0"
      "@ffprobe-installer/linux-arm64" "5.0.0"
      "@ffprobe-installer/linux-ia32" "5.0.0"
      "@ffprobe-installer/linux-x64" "5.0.0"
      "@ffprobe-installer/win32-ia32" "5.0.0"
      "@ffprobe-installer/win32-x64" "5.0.0"
  
  "@ffprobe-installer/linux-arm64@5.0.0":
    version "5.0.0"
    resolved "https://registry.yarnpkg.com/@ffprobe-installer/linux-arm64/-/linux-arm64-5.0.0.tgz#8e50c2ac0fa9f1ccaf553114c09cc9d2f9571de2"
    integrity sha512-IwFbzhe1UydR849YXLPP0RMpHgHXSuPO1kznaCHcU5FscFBV5gOZLkdD8e/xrcC8g/nhKqy0xMjn5kv6KkFQlQ==
  
  "@ffprobe-installer/linux-arm@5.0.0":
    version "5.0.0"
    resolved "https://registry.yarnpkg.com/@ffprobe-installer/linux-arm/-/linux-arm-5.0.0.tgz#0a67b1610284e4be115da1656f150abc4706fe08"
    integrity sha512-mM1PPxP2UX5SUvhy0urcj5U8UolwbYgmnXA/eBWbW78k6N2Wk1COvcHYzOPs6c5yXXL6oshS2rZHU1kowigw7g==
  
  "@ffprobe-installer/linux-ia32@5.0.0":
    version "5.0.0"
    resolved "https://registry.yarnpkg.com/@ffprobe-installer/linux-ia32/-/linux-ia32-5.0.0.tgz#38714de93ce3842887e51a8b0c9dab3297777dbb"
    integrity sha512-c3bWlWEDMST59SAZycVh0oyc2eNS/CxxeRjoNryGRgqcZX3EJWJJQL1rAXbpQOMLMi8to1RqnmMuwPJgLLjjUA==
  
  "@ffprobe-installer/linux-x64@5.0.0":
    version "5.0.0"
    resolved "https://registry.yarnpkg.com/@ffprobe-installer/linux-x64/-/linux-x64-5.0.0.tgz#dc51a99acf74675035c02f59c4d73270ba3742f7"
    integrity sha512-zgLnWJFvMGCaw1txGtz84sMEQt6mQUzdw86ih9S/kZOWnp06Gj/ams/EXxEkAxgAACCVM6/O0mkDe/6biY5tgA==
  
  "@ffprobe-installer/win32-ia32@5.0.0":
    version "5.0.0"
    resolved "https://registry.yarnpkg.com/@ffprobe-installer/win32-ia32/-/win32-ia32-5.0.0.tgz#77f5cfba1aa91e47255562d23a07432b3e087bb1"
    integrity sha512-NnDdAZD6ShFXzJeCkAFl2ZjAv7GcJWYudLA+0T/vjZwvskBop+sq1PGfdmVltfFDcdQiomoThRhn9Xiy9ZC71g==
  
  "@ffprobe-installer/win32-x64@5.0.0":
    version "5.0.0"
    resolved "https://registry.yarnpkg.com/@ffprobe-installer/win32-x64/-/win32-x64-5.0.0.tgz#8ed741260b7db346c7bfe77d2fd9acbe3bd70d2f"
    integrity sha512-P4ZMRFxVMnfMsOyTfBM/+nkTodLeOUfXNPo+X1bKEWBiZxRErqX/IHS5sLA0yAH8XmtKZcL7Cu6M26ztGcQYxw==
  
  "@types/fluent-ffmpeg@^2.1.20":
    version "2.1.20"
    resolved "https://registry.yarnpkg.com/@types/fluent-ffmpeg/-/fluent-ffmpeg-2.1.20.tgz#3b5f42fc8263761d58284fa46ee6759a64ce54ac"
    integrity sha512-B+OvhCdJ3LgEq2PhvWNOiB/EfwnXLElfMCgc4Z1K5zXgSfo9I6uGKwR/lqmNPFQuebNnes7re3gqkV77SyypLg==
    dependencies:
      "@types/node" "*"
  
  "@types/node@*", "@types/node@^18.7.18":
    version "18.7.18"
    resolved "https://registry.yarnpkg.com/@types/node/-/node-18.7.18.tgz#633184f55c322e4fb08612307c274ee6d5ed3154"
    integrity sha512-m+6nTEOadJZuTPkKR/SYK3A2d7FZrgElol9UP1Kae90VVU4a6mxnPuLiIW1m4Cq4gZ/nWb9GrdVXJCoCazDAbg==
  
  async@>=0.2.9:
    version "3.2.4"
    resolved "https://registry.yarnpkg.com/async/-/async-3.2.4.tgz#2d22e00f8cddeb5fde5dd33522b56d1cf569a81c"
    integrity sha512-iAB+JbDEGXhyIUavoDl9WP/Jj106Kz9DEn1DPgYw5ruDn0e3Wgi3sKFm55sASdGBNOQB8F59d9qQ7deqrHA8wQ==
  
  fluent-ffmpeg@^2.1.2:
    version "2.1.2"
    resolved "https://registry.yarnpkg.com/fluent-ffmpeg/-/fluent-ffmpeg-2.1.2.tgz#c952de2240f812ebda0aa8006d7776ee2acf7d74"
    integrity sha512-IZTB4kq5GK0DPp7sGQ0q/BWurGHffRtQQwVkiqDgeO6wYJLLV5ZhgNOQ65loZxxuPMKZKZcICCUnaGtlxBiR0Q==
    dependencies:
      async ">=0.2.9"
      which "^1.1.1"
  
  isexe@^2.0.0:
    version "2.0.0"
    resolved "https://registry.yarnpkg.com/isexe/-/isexe-2.0.0.tgz#e8fbf374dc556ff8947a10dcb0572d633f2cfa10"
    integrity sha512-RHxMLp9lnKHGHRng9QFhRCMbYAcVpn69smSGcq3f36xjgVVWThj4qqLbTLlq7Ssj8B+fIQ1EuCEGI2lKsyQeIw==
  
  typescript@^4.8.3:
    version "4.8.3"
    resolved "https://registry.yarnpkg.com/typescript/-/typescript-4.8.3.tgz#d59344522c4bc464a65a730ac695007fdb66dd88"
    integrity sha512-goMHfm00nWPa8UvR/CPSvykqf6dVV8x/dp0c5mFTMTIu0u0FlGWRioyy7Nn0PGAdHxpJZnuO/ut+PpQ8UiHAig==
  
  which@^1.1.1:
    version "1.3.1"
    resolved "https://registry.yarnpkg.com/which/-/which-1.3.1.tgz#a45043d54f5805316da8d62f9f50918d3da70b0a"
    integrity sha512-HxJdYWq1MTIQbJ3nw0cqssHoTNU267KlrDuGZ1WYlxDStUtKUhOaJmh112/TZmHxxUfuJqPXSOm7tDyas0OSIQ==
    dependencies:
      isexe "^2.0.0"
